<?xml version="1.0" encoding="UTF-8"?>
<!-- Generated by org.testng.reporters.JUnitXMLReporter -->
<testsuite ignored="0" hostname="Mac.lan" failures="0" tests="3" name="Default test" time="38.069" errors="0" timestamp="2025-06-30T05:22:41 PDT">
  <testcase classname="com.tekarch.dbtesting.DBAPIAssignment" name="uiApiDbTest" time="17.486"/>
  <testcase classname="com.tekarch.dbtesting.DBAPIAssignment" name="checkDBForAddedProject" time="3.108"/>
  <testcase classname="com.tekarch.dbtesting.DBAPIAssignment" name="checkAPI" time="2.563"/>
</testsuite> <!-- Default test -->
