<?xml version="1.0" encoding="UTF-8"?>
<testng-results ignored="0" total="3" passed="3" failed="0" skipped="0">
  <reporter-output>
  </reporter-output>
  <suite started-at="2025-06-30T05:22:03 PDT" name="Default suite" finished-at="2025-06-30T05:22:41 PDT" duration-ms="38069">
    <groups>
    </groups>
    <test started-at="2025-06-30T05:22:03 PDT" name="Default test" finished-at="2025-06-30T05:22:41 PDT" duration-ms="38069">
      <class name="com.tekarch.dbtesting.DBAPIAssignment">
        <test-method is-config="true" signature="setUp()[pri:0, instance:com.tekarch.dbtesting.DBAPIAssignment@43bc63a3]" started-at="2025-06-30T05:22:03 PDT" name="setUp" finished-at="2025-06-30T05:22:09 PDT" duration-ms="5858" status="PASS">
          <reporter-output>
          </reporter-output>
        </test-method> <!-- setUp -->
        <test-method signature="uiApiDbTest()[pri:0, instance:com.tekarch.dbtesting.DBAPIAssignment@43bc63a3]" started-at="2025-06-30T05:22:09 PDT" name="uiApiDbTest" finished-at="2025-06-30T05:22:27 PDT" duration-ms="17486" status="PASS">
          <reporter-output>
          </reporter-output>
        </test-method> <!-- uiApiDbTest -->
        <test-method is-config="true" signature="tearDown()[pri:0, instance:com.tekarch.dbtesting.DBAPIAssignment@43bc63a3]" started-at="2025-06-30T05:22:27 PDT" name="tearDown" finished-at="2025-06-30T05:22:27 PDT" duration-ms="94" status="PASS">
          <reporter-output>
          </reporter-output>
        </test-method> <!-- tearDown -->
        <test-method is-config="true" signature="setUp()[pri:0, instance:com.tekarch.dbtesting.DBAPIAssignment@43bc63a3]" started-at="2025-06-30T05:22:27 PDT" name="setUp" finished-at="2025-06-30T05:22:31 PDT" duration-ms="4362" status="PASS">
          <reporter-output>
          </reporter-output>
        </test-method> <!-- setUp -->
        <test-method signature="checkDBForAddedProject()[pri:0, instance:com.tekarch.dbtesting.DBAPIAssignment@43bc63a3]" started-at="2025-06-30T05:22:31 PDT" name="checkDBForAddedProject" finished-at="2025-06-30T05:22:34 PDT" depends-on-methods="com.tekarch.dbtesting.DBAPIAssignment.uiApiDbTest" duration-ms="3108" status="PASS">
          <reporter-output>
          </reporter-output>
        </test-method> <!-- checkDBForAddedProject -->
        <test-method is-config="true" signature="tearDown()[pri:0, instance:com.tekarch.dbtesting.DBAPIAssignment@43bc63a3]" started-at="2025-06-30T05:22:34 PDT" name="tearDown" finished-at="2025-06-30T05:22:34 PDT" duration-ms="116" status="PASS">
          <reporter-output>
          </reporter-output>
        </test-method> <!-- tearDown -->
        <test-method is-config="true" signature="setUp()[pri:0, instance:com.tekarch.dbtesting.DBAPIAssignment@43bc63a3]" started-at="2025-06-30T05:22:34 PDT" name="setUp" finished-at="2025-06-30T05:22:39 PDT" duration-ms="4272" status="PASS">
          <reporter-output>
          </reporter-output>
        </test-method> <!-- setUp -->
        <test-method signature="checkAPI()[pri:0, instance:com.tekarch.dbtesting.DBAPIAssignment@43bc63a3]" started-at="2025-06-30T05:22:39 PDT" name="checkAPI" finished-at="2025-06-30T05:22:41 PDT" depends-on-methods="com.tekarch.dbtesting.DBAPIAssignment.checkDBForAddedProject" duration-ms="2563" status="PASS">
          <reporter-output>
          </reporter-output>
        </test-method> <!-- checkAPI -->
        <test-method is-config="true" signature="tearDown()[pri:0, instance:com.tekarch.dbtesting.DBAPIAssignment@43bc63a3]" started-at="2025-06-30T05:22:41 PDT" name="tearDown" finished-at="2025-06-30T05:22:41 PDT" duration-ms="121" status="PASS">
          <reporter-output>
          </reporter-output>
        </test-method> <!-- tearDown -->
      </class> <!-- com.tekarch.dbtesting.DBAPIAssignment -->
    </test> <!-- Default test -->
  </suite> <!-- Default suite -->
</testng-results>
